<?xml version="1.0" encoding="UTF-8"?>
<testng-results ignored="0" total="0" passed="0" failed="0" skipped="0">
  <reporter-output>
  </reporter-output>
  <suite started-at="2022-03-24T10:52:17 EET" name="All Test Suite" finished-at="2022-03-24T10:52:17 EET" duration-ms="8">
    <groups>
    </groups>
    <test started-at="2022-03-24T10:52:17 EET" name="C:\ProiectTest\src\test\java" finished-at="2022-03-24T10:52:17 EET" duration-ms="8">
    </test> <!-- C:\ProiectTest\src\test\java -->
  </suite> <!-- All Test Suite -->
</testng-results>
